{"/Users/swearwang/GitHub/id5/lib/crypto.js": {"path":"/Users/swearwang/GitHub/id5/lib/crypto.js","statementMap":{"0":{"start":{"line":3,"column":15},"end":{"line":3,"column":32}},"1":{"start":{"line":4,"column":14},"end":{"line":4,"column":35}},"2":{"start":{"line":9,"column":4},"end":{"line":9,"column":28}},"3":{"start":{"line":10,"column":4},"end":{"line":10,"column":81}},"4":{"start":{"line":10,"column":37},"end":{"line":10,"column":81}},"5":{"start":{"line":11,"column":4},"end":{"line":11,"column":27}},"6":{"start":{"line":12,"column":4},"end":{"line":12,"column":25}},"7":{"start":{"line":16,"column":19},"end":{"line":16,"column":70}},"8":{"start":{"line":17,"column":4},"end":{"line":17,"column":35}},"9":{"start":{"line":18,"column":15},"end":{"line":18,"column":51}},"10":{"start":{"line":19,"column":4},"end":{"line":19,"column":35}},"11":{"start":{"line":20,"column":4},"end":{"line":20,"column":16}},"12":{"start":{"line":24,"column":21},"end":{"line":24,"column":74}},"13":{"start":{"line":25,"column":20},"end":{"line":25,"column":60}},"14":{"start":{"line":26,"column":4},"end":{"line":26,"column":42}},"15":{"start":{"line":27,"column":4},"end":{"line":27,"column":65}},"16":{"start":{"line":31,"column":0},"end":{"line":31,"column":24}}},"fnMap":{"0":{"name":"(anonymous_0)","decl":{"start":{"line":8,"column":2},"end":{"line":8,"column":3}},"loc":{"start":{"line":8,"column":23},"end":{"line":13,"column":3}},"line":8},"1":{"name":"(anonymous_1)","decl":{"start":{"line":15,"column":2},"end":{"line":15,"column":3}},"loc":{"start":{"line":15,"column":15},"end":{"line":21,"column":3}},"line":15},"2":{"name":"(anonymous_2)","decl":{"start":{"line":23,"column":2},"end":{"line":23,"column":3}},"loc":{"start":{"line":23,"column":15},"end":{"line":28,"column":3}},"line":23}},"branchMap":{"0":{"loc":{"start":{"line":9,"column":14},"end":{"line":9,"column":27}},"type":"binary-expr","locations":[{"start":{"line":9,"column":14},"end":{"line":9,"column":21}},{"start":{"line":9,"column":25},"end":{"line":9,"column":27}}],"line":9},"1":{"loc":{"start":{"line":10,"column":4},"end":{"line":10,"column":81}},"type":"if","locations":[{"start":{"line":10,"column":4},"end":{"line":10,"column":81}},{"start":{"line":10,"column":4},"end":{"line":10,"column":81}}],"line":10},"2":{"loc":{"start":{"line":10,"column":8},"end":{"line":10,"column":35}},"type":"binary-expr","locations":[{"start":{"line":10,"column":8},"end":{"line":10,"column":20}},{"start":{"line":10,"column":24},"end":{"line":10,"column":35}}],"line":10}},"s":{"0":1,"1":1,"2":2,"3":2,"4":1,"5":1,"6":1,"7":1,"8":1,"9":1,"10":1,"11":1,"12":1,"13":1,"14":1,"15":1,"16":1},"f":{"0":2,"1":1,"2":1},"b":{"0":[2,1],"1":[1,1],"2":[2,1]},"_coverageSchema":"332fd63041d2c1bcb487cc26dd0d5f7d97098a6c","hash":"6e61c79a3c467d22a013e5ea27cca69c516a04a8"}
}
